nohup: ignoring input
import _frozen_importlib # frozen
import _imp # builtin
import '_thread' # <class '_frozen_importlib.BuiltinImporter'>
import '_warnings' # <class '_frozen_importlib.BuiltinImporter'>
import '_weakref' # <class '_frozen_importlib.BuiltinImporter'>
import 'winreg' # <class '_frozen_importlib.BuiltinImporter'>
import '_io' # <class '_frozen_importlib.BuiltinImporter'>
import 'marshal' # <class '_frozen_importlib.BuiltinImporter'>
import 'nt' # <class '_frozen_importlib.BuiltinImporter'>
import '_frozen_importlib_external' # <class '_frozen_importlib.FrozenImporter'>
# installing zipimport hook
import 'time' # <class '_frozen_importlib.BuiltinImporter'>
import 'zipimport' # <class '_frozen_importlib.FrozenImporter'>
# installed zipimport hook
# C:\Program Files\WindowsApps\PythonSoftwareFoundation.Python.3.11_3.11.2544.0_x64__qbz5n2kfra8p0\Lib\encodings\__pycache__\__init__.cpython-311.pyc matches C:\Program Files\WindowsApps\PythonSoftwareFoundation.Python.3.11_3.11.2544.0_x64__qbz5n2kfra8p0\Lib\encodings\__init__.py
# code object from 'C:\\Program Files\\WindowsApps\\PythonSoftwareFoundation.Python.3.11_3.11.2544.0_x64__qbz5n2kfra8p0\\Lib\\encodings\\__pycache__\\__init__.cpython-311.pyc'
import '_codecs' # <class '_frozen_importlib.BuiltinImporter'>
import 'codecs' # <class '_frozen_importlib.FrozenImporter'>
# C:\Program Files\WindowsApps\PythonSoftwareFoundation.Python.3.11_3.11.2544.0_x64__qbz5n2kfra8p0\Lib\encodings\__pycache__\aliases.cpython-311.pyc matches C:\Program Files\WindowsApps\PythonSoftwareFoundation.Python.3.11_3.11.2544.0_x64__qbz5n2kfra8p0\Lib\encodings\aliases.py
# code object from 'C:\\Program Files\\WindowsApps\\PythonSoftwareFoundation.Python.3.11_3.11.2544.0_x64__qbz5n2kfra8p0\\Lib\\encodings\\__pycache__\\aliases.cpython-311.pyc'
import 'encodings.aliases' # <_frozen_importlib_external.SourceFileLoader object at 0x0000027DBECCF5D0>
import 'encodings' # <_frozen_importlib_external.SourceFileLoader object at 0x0000027DBECCC110>
# C:\Program Files\WindowsApps\PythonSoftwareFoundation.Python.3.11_3.11.2544.0_x64__qbz5n2kfra8p0\Lib\encodings\__pycache__\utf_8.cpython-311.pyc matches C:\Program Files\WindowsApps\PythonSoftwareFoundation.Python.3.11_3.11.2544.0_x64__qbz5n2kfra8p0\Lib\encodings\utf_8.py
# code object from 'C:\\Program Files\\WindowsApps\\PythonSoftwareFoundation.Python.3.11_3.11.2544.0_x64__qbz5n2kfra8p0\\Lib\\encodings\\__pycache__\\utf_8.cpython-311.pyc'
import 'encodings.utf_8' # <_frozen_importlib_external.SourceFileLoader object at 0x0000027DBECF3250>
# C:\Program Files\WindowsApps\PythonSoftwareFoundation.Python.3.11_3.11.2544.0_x64__qbz5n2kfra8p0\Lib\encodings\__pycache__\cp1252.cpython-311.pyc matches C:\Program Files\WindowsApps\PythonSoftwareFoundation.Python.3.11_3.11.2544.0_x64__qbz5n2kfra8p0\Lib\encodings\cp1252.py
# code object from 'C:\\Program Files\\WindowsApps\\PythonSoftwareFoundation.Python.3.11_3.11.2544.0_x64__qbz5n2kfra8p0\\Lib\\encodings\\__pycache__\\cp1252.cpython-311.pyc'
import 'encodings.cp1252' # <_frozen_importlib_external.SourceFileLoader object at 0x0000027DBECF3810>
import '_signal' # <class '_frozen_importlib.BuiltinImporter'>
import '_abc' # <class '_frozen_importlib.BuiltinImporter'>
import 'abc' # <class '_frozen_importlib.FrozenImporter'>
import 'io' # <class '_frozen_importlib.FrozenImporter'>
import '_stat' # <class '_frozen_importlib.BuiltinImporter'>
import 'stat' # <class '_frozen_importlib.FrozenImporter'>
import '_collections_abc' # <class '_frozen_importlib.FrozenImporter'>
import 'genericpath' # <class '_frozen_importlib.FrozenImporter'>
import '_winapi' # <class '_frozen_importlib.BuiltinImporter'>
import 'ntpath' # <class '_frozen_importlib.FrozenImporter'>
import 'os' # <class '_frozen_importlib.FrozenImporter'>
import '_sitebuiltins' # <class '_frozen_importlib.FrozenImporter'>
Processing user site-packages
Adding directory: 'C:\\Users\\Mike\\AppData\\Local\\Packages\\PythonSoftwareFoundation.Python.3.11_qbz5n2kfra8p0\\LocalCache\\local-packages\\Python311\\site-packages'
Processing .pth file: 'C:\\Users\\Mike\\AppData\\Local\\Packages\\PythonSoftwareFoundation.Python.3.11_qbz5n2kfra8p0\\LocalCache\\local-packages\\Python311\\site-packages\\pywin32.pth'
# C:\Users\Mike\AppData\Local\Packages\PythonSoftwareFoundation.Python.3.11_qbz5n2kfra8p0\LocalCache\local-packages\Python311\site-packages\win32\lib\__pycache__\pywin32_bootstrap.cpython-311.pyc matches C:\Users\Mike\AppData\Local\Packages\PythonSoftwareFoundation.Python.3.11_qbz5n2kfra8p0\LocalCache\local-packages\Python311\site-packages\win32\lib\pywin32_bootstrap.py
# code object from 'C:\\Users\\Mike\\AppData\\Local\\Packages\\PythonSoftwareFoundation.Python.3.11_qbz5n2kfra8p0\\LocalCache\\local-packages\\Python311\\site-packages\\win32\\lib\\__pycache__\\pywin32_bootstrap.cpython-311.pyc'
# possible namespace for C:\Users\Mike\AppData\Local\Packages\PythonSoftwareFoundation.Python.3.11_qbz5n2kfra8p0\LocalCache\local-packages\Python311\site-packages\pywin32_system32
import 'pywin32_system32' # <_frozen_importlib_external.NamespaceLoader object at 0x0000027DBEE75ED0>
import 'pywin32_bootstrap' # <_frozen_importlib_external.SourceFileLoader object at 0x0000027DBEE75D10>
Processing .pth file: 'C:\\Users\\Mike\\AppData\\Local\\Packages\\PythonSoftwareFoundation.Python.3.11_qbz5n2kfra8p0\\LocalCache\\local-packages\\Python311\\site-packages\\zope.interface-6.4.post2-py3.11-nspkg.pth'
# C:\Program Files\WindowsApps\PythonSoftwareFoundation.Python.3.11_3.11.2544.0_x64__qbz5n2kfra8p0\Lib\__pycache__\types.cpython-311.pyc matches C:\Program Files\WindowsApps\PythonSoftwareFoundation.Python.3.11_3.11.2544.0_x64__qbz5n2kfra8p0\Lib\types.py
# code object from 'C:\\Program Files\\WindowsApps\\PythonSoftwareFoundation.Python.3.11_3.11.2544.0_x64__qbz5n2kfra8p0\\Lib\\__pycache__\\types.cpython-311.pyc'
import 'types' # <_frozen_importlib_external.SourceFileLoader object at 0x0000027DBEE803D0>
# C:\Program Files\WindowsApps\PythonSoftwareFoundation.Python.3.11_3.11.2544.0_x64__qbz5n2kfra8p0\Lib\importlib\__pycache__\__init__.cpython-311.pyc matches C:\Program Files\WindowsApps\PythonSoftwareFoundation.Python.3.11_3.11.2544.0_x64__qbz5n2kfra8p0\Lib\importlib\__init__.py
# code object from 'C:\\Program Files\\WindowsApps\\PythonSoftwareFoundation.Python.3.11_3.11.2544.0_x64__qbz5n2kfra8p0\\Lib\\importlib\\__pycache__\\__init__.cpython-311.pyc'
# C:\Program Files\WindowsApps\PythonSoftwareFoundation.Python.3.11_3.11.2544.0_x64__qbz5n2kfra8p0\Lib\__pycache__\warnings.cpython-311.pyc matches C:\Program Files\WindowsApps\PythonSoftwareFoundation.Python.3.11_3.11.2544.0_x64__qbz5n2kfra8p0\Lib\warnings.py
# code object from 'C:\\Program Files\\WindowsApps\\PythonSoftwareFoundation.Python.3.11_3.11.2544.0_x64__qbz5n2kfra8p0\\Lib\\__pycache__\\warnings.cpython-311.pyc'
import 'warnings' # <_frozen_importlib_external.SourceFileLoader object at 0x0000027DBEE82050>
import 'importlib' # <_frozen_importlib_external.SourceFileLoader object at 0x0000027DBEE81BD0>
# C:\Program Files\WindowsApps\PythonSoftwareFoundation.Python.3.11_3.11.2544.0_x64__qbz5n2kfra8p0\Lib\importlib\__pycache__\_abc.cpython-311.pyc matches C:\Program Files\WindowsApps\PythonSoftwareFoundation.Python.3.11_3.11.2544.0_x64__qbz5n2kfra8p0\Lib\importlib\_abc.py
# code object from 'C:\\Program Files\\WindowsApps\\PythonSoftwareFoundation.Python.3.11_3.11.2544.0_x64__qbz5n2kfra8p0\\Lib\\importlib\\__pycache__\\_abc.cpython-311.pyc'
import 'importlib._abc' # <_frozen_importlib_external.SourceFileLoader object at 0x0000027DBEE83090>
# C:\Program Files\WindowsApps\PythonSoftwareFoundation.Python.3.11_3.11.2544.0_x64__qbz5n2kfra8p0\Lib\__pycache__\contextlib.cpython-311.pyc matches C:\Program Files\WindowsApps\PythonSoftwareFoundation.Python.3.11_3.11.2544.0_x64__qbz5n2kfra8p0\Lib\contextlib.py
# code object from 'C:\\Program Files\\WindowsApps\\PythonSoftwareFoundation.Python.3.11_3.11.2544.0_x64__qbz5n2kfra8p0\\Lib\\__pycache__\\contextlib.cpython-311.pyc'
# C:\Program Files\WindowsApps\PythonSoftwareFoundation.Python.3.11_3.11.2544.0_x64__qbz5n2kfra8p0\Lib\collections\__pycache__\__init__.cpython-311.pyc matches C:\Program Files\WindowsApps\PythonSoftwareFoundation.Python.3.11_3.11.2544.0_x64__qbz5n2kfra8p0\Lib\collections\__init__.py
# code object from 'C:\\Program Files\\WindowsApps\\PythonSoftwareFoundation.Python.3.11_3.11.2544.0_x64__qbz5n2kfra8p0\\Lib\\collections\\__pycache__\\__init__.cpython-311.pyc'
import 'itertools' # <class '_frozen_importlib.BuiltinImporter'>
# C:\Program Files\WindowsApps\PythonSoftwareFoundation.Python.3.11_3.11.2544.0_x64__qbz5n2kfra8p0\Lib\__pycache__\keyword.cpython-311.pyc matches C:\Program Files\WindowsApps\PythonSoftwareFoundation.Python.3.11_3.11.2544.0_x64__qbz5n2kfra8p0\Lib\keyword.py
# code object from 'C:\\Program Files\\WindowsApps\\PythonSoftwareFoundation.Python.3.11_3.11.2544.0_x64__qbz5n2kfra8p0\\Lib\\__pycache__\\keyword.cpython-311.pyc'
import 'keyword' # <_frozen_importlib_external.SourceFileLoader object at 0x0000027DBEEC5D90>
# C:\Program Files\WindowsApps\PythonSoftwareFoundation.Python.3.11_3.11.2544.0_x64__qbz5n2kfra8p0\Lib\__pycache__\operator.cpython-311.pyc matches C:\Program Files\WindowsApps\PythonSoftwareFoundation.Python.3.11_3.11.2544.0_x64__qbz5n2kfra8p0\Lib\operator.py
# code object from 'C:\\Program Files\\WindowsApps\\PythonSoftwareFoundation.Python.3.11_3.11.2544.0_x64__qbz5n2kfra8p0\\Lib\\__pycache__\\operator.cpython-311.pyc'
import '_operator' # <class '_frozen_importlib.BuiltinImporter'>
import 'operator' # <_frozen_importlib_external.SourceFileLoader object at 0x0000027DBEEC68D0>
# C:\Program Files\WindowsApps\PythonSoftwareFoundation.Python.3.11_3.11.2544.0_x64__qbz5n2kfra8p0\Lib\__pycache__\reprlib.cpython-311.pyc matches C:\Program Files\WindowsApps\PythonSoftwareFoundation.Python.3.11_3.11.2544.0_x64__qbz5n2kfra8p0\Lib\reprlib.py
# code object from 'C:\\Program Files\\WindowsApps\\PythonSoftwareFoundation.Python.3.11_3.11.2544.0_x64__qbz5n2kfra8p0\\Lib\\__pycache__\\reprlib.cpython-311.pyc'
import 'reprlib' # <_frozen_importlib_external.SourceFileLoader object at 0x0000027DBEEC75D0>
import '_collections' # <class '_frozen_importlib.BuiltinImporter'>
import 'collections' # <_frozen_importlib_external.SourceFileLoader object at 0x0000027DBEE9E5D0>
# C:\Program Files\WindowsApps\PythonSoftwareFoundation.Python.3.11_3.11.2544.0_x64__qbz5n2kfra8p0\Lib\__pycache__\functools.cpython-311.pyc matches C:\Program Files\WindowsApps\PythonSoftwareFoundation.Python.3.11_3.11.2544.0_x64__qbz5n2kfra8p0\Lib\functools.py
# code object from 'C:\\Program Files\\WindowsApps\\PythonSoftwareFoundation.Python.3.11_3.11.2544.0_x64__qbz5n2kfra8p0\\Lib\\__pycache__\\functools.cpython-311.pyc'
import '_functools' # <class '_frozen_importlib.BuiltinImporter'>
import 'functools' # <_frozen_importlib_external.SourceFileLoader object at 0x0000027DBEEA8710>
import 'contextlib' # <_frozen_importlib_external.SourceFileLoader object at 0x0000027DBEE9CB50>
# C:\Program Files\WindowsApps\PythonSoftwareFoundation.Python.3.11_3.11.2544.0_x64__qbz5n2kfra8p0\Lib\__pycache__\threading.cpython-311.pyc matches C:\Program Files\WindowsApps\PythonSoftwareFoundation.Python.3.11_3.11.2544.0_x64__qbz5n2kfra8p0\Lib\threading.py
# code object from 'C:\\Program Files\\WindowsApps\\PythonSoftwareFoundation.Python.3.11_3.11.2544.0_x64__qbz5n2kfra8p0\\Lib\\__pycache__\\threading.cpython-311.pyc'
# C:\Program Files\WindowsApps\PythonSoftwareFoundation.Python.3.11_3.11.2544.0_x64__qbz5n2kfra8p0\Lib\__pycache__\_weakrefset.cpython-311.pyc matches C:\Program Files\WindowsApps\PythonSoftwareFoundation.Python.3.11_3.11.2544.0_x64__qbz5n2kfra8p0\Lib\_weakrefset.py
# code object from 'C:\\Program Files\\WindowsApps\\PythonSoftwareFoundation.Python.3.11_3.11.2544.0_x64__qbz5n2kfra8p0\\Lib\\__pycache__\\_weakrefset.cpython-311.pyc'
import '_weakrefset' # <_frozen_importlib_external.SourceFileLoader object at 0x0000027DBEEF08D0>
import 'threading' # <_frozen_importlib_external.SourceFileLoader object at 0x0000027DBEE81C50>
import 'importlib.util' # <class '_frozen_importlib.FrozenImporter'>
import 'importlib.machinery' # <class '_frozen_importlib.FrozenImporter'>
# possible namespace for C:\Users\Mike\AppData\Local\Packages\PythonSoftwareFoundation.Python.3.11_qbz5n2kfra8p0\LocalCache\local-packages\Python311\site-packages\zope
Processing global site-packages
Adding directory: 'C:\\Program Files\\WindowsApps\\PythonSoftwareFoundation.Python.3.11_3.11.2544.0_x64__qbz5n2kfra8p0'
Adding directory: 'C:\\Program Files\\WindowsApps\\PythonSoftwareFoundation.Python.3.11_3.11.2544.0_x64__qbz5n2kfra8p0\\Lib\\site-packages'
Processing .pth file: 'C:\\Program Files\\WindowsApps\\PythonSoftwareFoundation.Python.3.11_3.11.2544.0_x64__qbz5n2kfra8p0\\Lib\\site-packages\\distutils-precedence.pth'
# C:\Program Files\WindowsApps\PythonSoftwareFoundation.Python.3.11_3.11.2544.0_x64__qbz5n2kfra8p0\Lib\site-packages\_distutils_hack\__pycache__\__init__.cpython-311.pyc matches C:\Program Files\WindowsApps\PythonSoftwareFoundation.Python.3.11_3.11.2544.0_x64__qbz5n2kfra8p0\Lib\site-packages\_distutils_hack\__init__.py
# code object from 'C:\\Program Files\\WindowsApps\\PythonSoftwareFoundation.Python.3.11_3.11.2544.0_x64__qbz5n2kfra8p0\\Lib\\site-packages\\_distutils_hack\\__pycache__\\__init__.cpython-311.pyc'
import '_distutils_hack' # <_frozen_importlib_external.SourceFileLoader object at 0x0000027DBEF061D0>
import 'site' # <class '_frozen_importlib.FrozenImporter'>
Python 3.11.9 (tags/v3.11.9:de54cf5, Apr  2 2024, 10:12:12) [MSC v.1938 64 bit (AMD64)] on win32
Type "help", "copyright", "credits" or "license" for more information.
C:\Users\Mike\AppData\Local\Microsoft\WindowsApps\python.exe: can't open file 'C:\\Users\\Mike\\Dashboards-for-Day-Trading\\src\\kraken_websocket.py': [Errno 2] No such file or directory
# clear builtins._
# clear sys.path
# clear sys.argv
# clear sys.ps1
# clear sys.ps2
# clear sys.last_type
# clear sys.last_value
# clear sys.last_traceback
# clear sys.path_hooks
# clear sys.path_importer_cache
# clear sys.meta_path
# clear sys.__interactivehook__
# restore sys.stdin
# restore sys.stdout
# restore sys.stderr
# cleanup[2] removing sys
# cleanup[2] removing builtins
# cleanup[2] removing _frozen_importlib
# cleanup[2] removing _imp
# cleanup[2] removing _thread
# cleanup[2] removing _warnings
# cleanup[2] removing _weakref
# cleanup[2] removing winreg
# cleanup[2] removing _io
# cleanup[2] removing marshal
# cleanup[2] removing nt
# cleanup[2] removing _frozen_importlib_external
# cleanup[2] removing time
# cleanup[2] removing zipimport
# destroy zipimport
# cleanup[2] removing _codecs
# cleanup[2] removing codecs
# cleanup[2] removing encodings.aliases
# cleanup[2] removing encodings
# destroy encodings
# cleanup[2] removing encodings.utf_8
# cleanup[2] removing encodings.cp1252
# cleanup[2] removing _signal
# cleanup[2] removing _abc
# cleanup[2] removing abc
# cleanup[2] removing io
# cleanup[2] removing __main__
# destroy __main__
# cleanup[2] removing _stat
# cleanup[2] removing stat
# cleanup[2] removing _collections_abc
# cleanup[2] removing genericpath
# cleanup[2] removing _winapi
# cleanup[2] removing ntpath
# cleanup[2] removing os.path
# cleanup[2] removing os
# cleanup[2] removing _sitebuiltins
# cleanup[2] removing pywin32_system32
# cleanup[2] removing pywin32_bootstrap
# destroy pywin32_bootstrap
# destroy pywin32_system32
# cleanup[2] removing types
# cleanup[2] removing importlib._bootstrap
# cleanup[2] removing importlib._bootstrap_external
# cleanup[2] removing warnings
# cleanup[2] removing importlib
# destroy importlib
# cleanup[2] removing importlib._abc
# cleanup[2] removing itertools
# cleanup[2] removing keyword
# destroy keyword
# cleanup[2] removing _operator
# cleanup[2] removing operator
# destroy operator
# cleanup[2] removing reprlib
# destroy reprlib
# cleanup[2] removing _collections
# cleanup[2] removing collections
# destroy collections
# cleanup[2] removing _functools
# cleanup[2] removing functools
# cleanup[2] removing contextlib
# destroy contextlib
# cleanup[2] removing _weakrefset
# destroy _weakrefset
# cleanup[2] removing threading
# cleanup[2] removing importlib.util
# cleanup[2] removing importlib.machinery
# cleanup[2] removing zope
# destroy zope
# cleanup[2] removing _distutils_hack
# destroy _distutils_hack
# cleanup[2] removing site
# destroy site
# destroy _signal
# destroy _sitebuiltins
# destroy io
# destroy importlib._abc
# destroy importlib.util
# destroy importlib.machinery
# destroy threading
# destroy types
# destroy warnings
# destroy _collections_abc
# destroy itertools
# destroy _operator
# destroy _collections
# destroy _functools
# destroy functools
# cleanup[3] wiping importlib._bootstrap_external
# cleanup[3] wiping importlib._bootstrap
# cleanup[3] wiping os
# destroy abc
# destroy ntpath
# cleanup[3] wiping _winapi
# cleanup[3] wiping genericpath
# cleanup[3] wiping stat
# cleanup[3] wiping _stat
# destroy _stat
# cleanup[3] wiping _abc
# cleanup[3] wiping encodings.cp1252
# cleanup[3] wiping encodings.utf_8
# cleanup[3] wiping encodings.aliases
# cleanup[3] wiping codecs
# cleanup[3] wiping _codecs
# cleanup[3] wiping time
# cleanup[3] wiping _frozen_importlib_external
# cleanup[3] wiping nt
# cleanup[3] wiping marshal
# cleanup[3] wiping _io
# cleanup[3] wiping winreg
# cleanup[3] wiping _weakref
# destroy _weakref
# cleanup[3] wiping _warnings
# cleanup[3] wiping _thread
# cleanup[3] wiping _imp
# cleanup[3] wiping _frozen_importlib
# cleanup[3] wiping sys
# cleanup[3] wiping builtins
# destroy winreg
# destroy _thread
# destroy _frozen_importlib_external
# destroy _imp
# destroy io
# destroy marshal
# destroy time
# destroy _warnings
# destroy os
# destroy stat
# destroy genericpath
# destroy nt
# destroy _abc
# destroy _winapi
# destroy _frozen_importlib
# destroy codecs
# destroy sys
# destroy encodings.aliases
# destroy encodings.utf_8
# destroy encodings.cp1252
# destroy _codecs
# destroy builtins
# clear sys.audit hooks
